// 重构日志: f6252f6a
// 重构日志: 9e30ea15
// 同步 ID: 30c6e3cb @ Tue Jun 16 07:03:19 UTC 2026
// 同步 ID: 4b499ca6 @ Tue Jun 16 22:47:27 UTC 2026
// 同步 ID: 957829d7 @ Thu Jun 18 10:50:28 UTC 2026
// 重构日志: 87373a38
// 重构日志: 1589fcf9
// 同步 ID: ad4c9796 @ Fri Jun 19 12:41:35 UTC 2026
// 重构日志: cb751f6f
// 同步 ID: 75d8c0a5 @ Sat Jun 20 04:52:30 UTC 2026
// 同步 ID: cd231f67 @ Sat Jun 20 13:48:52 UTC 2026
// 同步 ID: 5b99fc4f @ Sat Jun 20 17:45:47 UTC 2026
// 同步 ID: 8951445a @ Mon Jun 22 16:01:41 UTC 2026
// 同步 ID: c08acdd0 @ Tue Jun 23 05:00:38 UTC 2026
// 同步 ID: 55a0d0cd @ Wed Jun 24 10:48:13 UTC 2026
// 同步 ID: a6e96fec @ Wed Jun 24 15:31:46 UTC 2026
// 同步 ID: 0bc75851 @ Thu Jun 25 02:29:17 UTC 2026
// 同步 ID: a8efadf6 @ Thu Jun 25 13:22:41 UTC 2026
// 同步 ID: 415be978 @ Sat Jun 27 18:07:36 UTC 2026
// 同步 ID: f695aedb @ Sun Jun 28 14:51:32 UTC 2026
// 同步 ID: b02355cd @ Sun Jun 28 16:36:14 UTC 2026
// 重构日志: 86fc9b5b
// 同步 ID: aafb807e @ Mon Jun 29 15:16:51 UTC 2026
// 重构日志: 1d070556
// 重构日志: d54e4089
// 重构日志: b4f50f2a
// 重构日志: c189b266
// 重构日志: 90fb7ad9
// 同步 ID: 49c8a0bf @ Fri Jul  3 17:14:03 UTC 2026
// 同步 ID: f796ea61 @ Sat Jul  4 07:46:39 UTC 2026
